2022-07-28 14:16:11.134  INFO 8600 --- [main] com.person.chenpt.ProductApplication     : Starting ProductApplication using Java 1.8.0_102 on LAPTOP-US9A32NC with PID 8600 (D:\IdeaProjects\exercise-clould\product\target\classes started by chenpt in D:\IdeaProjects\exercise-clould)
2022-07-28 14:16:11.139 DEBUG 8600 --- [main] com.person.chenpt.ProductApplication     : Running with Spring Boot v2.5.6, Spring v5.3.12
2022-07-28 14:16:11.139  INFO 8600 --- [main] com.person.chenpt.ProductApplication     : No active profile set, falling back to default profiles: default
2022-07-28 14:16:12.482  INFO 8600 --- [main] o.s.cloud.context.scope.GenericScope     : BeanFactory id=99b218b7-7476-31de-9ac8-ba2a37c9b39a
2022-07-28 14:16:12.846  INFO 8600 --- [main] o.s.b.w.embedded.tomcat.TomcatWebServer  : Tomcat initialized with port(s): 8765 (http)
2022-07-28 14:16:12.857  INFO 8600 --- [main] o.apache.catalina.core.StandardService   : Starting service [Tomcat]
2022-07-28 14:16:12.857  INFO 8600 --- [main] org.apache.catalina.core.StandardEngine  : Starting Servlet engine: [Apache Tomcat/9.0.54]
2022-07-28 14:16:12.986  INFO 8600 --- [main] o.a.c.c.C.[Tomcat].[localhost].[/]       : Initializing Spring embedded WebApplicationContext
2022-07-28 14:16:12.986  INFO 8600 --- [main] w.s.c.ServletWebServerApplicationContext : Root WebApplicationContext: initialization completed in 1614 ms
2022-07-28 14:16:15.233  INFO 8600 --- [main] pertySourcedRequestMappingHandlerMapping : Mapped URL path [/v2/api-docs] onto method [springfox.documentation.swagger2.web.Swagger2ControllerWebMvc#getDocumentation(String, HttpServletRequest)]
2022-07-28 14:16:16.410  INFO 8600 --- [main] o.s.b.w.embedded.tomcat.TomcatWebServer  : Tomcat started on port(s): 8765 (http) with context path ''
2022-07-28 14:16:16.885  INFO 8600 --- [main] d.s.w.p.DocumentationPluginsBootstrapper : Documentation plugins bootstrapped
2022-07-28 14:16:16.888  INFO 8600 --- [main] d.s.w.p.DocumentationPluginsBootstrapper : Found 1 custom documentation plugin(s)
2022-07-28 14:16:16.929  INFO 8600 --- [main] s.d.s.w.s.ApiListingReferenceScanner     : Scanning for api listing references
2022-07-28 14:16:17.062  INFO 8600 --- [main] .d.s.w.r.o.CachingOperationNameGenerator : Generating unique operation named: pageUsingGET_1
2022-07-28 14:16:17.064  INFO 8600 --- [main] .d.s.w.r.o.CachingOperationNameGenerator : Generating unique operation named: deleteUsingDELETE_1
2022-07-28 14:16:17.068  INFO 8600 --- [main] .d.s.w.r.o.CachingOperationNameGenerator : Generating unique operation named: saveOrUpdateUsingPOST_1
2022-07-28 14:16:17.089  INFO 8600 --- [main] com.person.chenpt.ProductApplication     : Started ProductApplication in 6.995 seconds (JVM running for 8.934)
2022-07-28 14:16:42.350  INFO 8600 --- [http-nio-8765-exec-3] o.a.c.c.C.[Tomcat].[localhost].[/]       : Initializing Spring DispatcherServlet 'dispatcherServlet'
2022-07-28 14:16:42.350  INFO 8600 --- [http-nio-8765-exec-3] o.s.web.servlet.DispatcherServlet        : Initializing Servlet 'dispatcherServlet'
2022-07-28 14:16:42.353  INFO 8600 --- [http-nio-8765-exec-3] o.s.web.servlet.DispatcherServlet        : Completed initialization in 3 ms
2022-07-28 14:18:11.348  INFO 17344 --- [main] com.person.chenpt.ProductApplication     : Starting ProductApplication using Java 1.8.0_102 on LAPTOP-US9A32NC with PID 17344 (D:\IdeaProjects\exercise-clould\product\target\classes started by chenpt in D:\IdeaProjects\exercise-clould)
2022-07-28 14:18:11.352 DEBUG 17344 --- [main] com.person.chenpt.ProductApplication     : Running with Spring Boot v2.5.6, Spring v5.3.12
2022-07-28 14:18:11.352  INFO 17344 --- [main] com.person.chenpt.ProductApplication     : No active profile set, falling back to default profiles: default
2022-07-28 14:18:12.526  INFO 17344 --- [main] o.s.cloud.context.scope.GenericScope     : BeanFactory id=99b218b7-7476-31de-9ac8-ba2a37c9b39a
2022-07-28 14:18:12.886  INFO 17344 --- [main] o.s.b.w.embedded.tomcat.TomcatWebServer  : Tomcat initialized with port(s): 8765 (http)
2022-07-28 14:18:12.895  INFO 17344 --- [main] o.apache.catalina.core.StandardService   : Starting service [Tomcat]
2022-07-28 14:18:12.895  INFO 17344 --- [main] org.apache.catalina.core.StandardEngine  : Starting Servlet engine: [Apache Tomcat/9.0.54]
2022-07-28 14:18:13.020  INFO 17344 --- [main] o.a.c.c.C.[Tomcat].[localhost].[/]       : Initializing Spring embedded WebApplicationContext
2022-07-28 14:18:13.020  INFO 17344 --- [main] w.s.c.ServletWebServerApplicationContext : Root WebApplicationContext: initialization completed in 1461 ms
2022-07-28 14:18:15.094  INFO 17344 --- [main] pertySourcedRequestMappingHandlerMapping : Mapped URL path [/v2/api-docs] onto method [springfox.documentation.swagger2.web.Swagger2ControllerWebMvc#getDocumentation(String, HttpServletRequest)]
2022-07-28 14:18:16.183  INFO 17344 --- [main] o.s.b.w.embedded.tomcat.TomcatWebServer  : Tomcat started on port(s): 8765 (http) with context path ''
2022-07-28 14:18:16.653  INFO 17344 --- [main] d.s.w.p.DocumentationPluginsBootstrapper : Documentation plugins bootstrapped
2022-07-28 14:18:16.656  INFO 17344 --- [main] d.s.w.p.DocumentationPluginsBootstrapper : Found 1 custom documentation plugin(s)
2022-07-28 14:18:16.683  INFO 17344 --- [main] s.d.s.w.s.ApiListingReferenceScanner     : Scanning for api listing references
2022-07-28 14:18:16.814  INFO 17344 --- [main] .d.s.w.r.o.CachingOperationNameGenerator : Generating unique operation named: pageUsingGET_1
2022-07-28 14:18:16.815  INFO 17344 --- [main] .d.s.w.r.o.CachingOperationNameGenerator : Generating unique operation named: deleteUsingDELETE_1
2022-07-28 14:18:16.819  INFO 17344 --- [main] .d.s.w.r.o.CachingOperationNameGenerator : Generating unique operation named: saveOrUpdateUsingPOST_1
2022-07-28 14:18:16.840  INFO 17344 --- [main] com.person.chenpt.ProductApplication     : Started ProductApplication in 6.609 seconds (JVM running for 7.777)
2022-07-28 14:18:25.216  INFO 17344 --- [http-nio-8765-exec-1] o.a.c.c.C.[Tomcat].[localhost].[/]       : Initializing Spring DispatcherServlet 'dispatcherServlet'
2022-07-28 14:18:25.216  INFO 17344 --- [http-nio-8765-exec-1] o.s.web.servlet.DispatcherServlet        : Initializing Servlet 'dispatcherServlet'
2022-07-28 14:18:25.217  INFO 17344 --- [http-nio-8765-exec-1] o.s.web.servlet.DispatcherServlet        : Completed initialization in 1 ms
2022-07-28 14:18:48.418  INFO 1968 --- [main] com.person.chenpt.ProductApplication     : Starting ProductApplication using Java 1.8.0_102 on LAPTOP-US9A32NC with PID 1968 (D:\IdeaProjects\exercise-clould\product\target\classes started by chenpt in D:\IdeaProjects\exercise-clould)
2022-07-28 14:18:48.421 DEBUG 1968 --- [main] com.person.chenpt.ProductApplication     : Running with Spring Boot v2.5.6, Spring v5.3.12
2022-07-28 14:18:48.422  INFO 1968 --- [main] com.person.chenpt.ProductApplication     : No active profile set, falling back to default profiles: default
2022-07-28 14:18:49.625  INFO 1968 --- [main] o.s.cloud.context.scope.GenericScope     : BeanFactory id=99b218b7-7476-31de-9ac8-ba2a37c9b39a
2022-07-28 14:18:49.959  INFO 1968 --- [main] o.s.b.w.embedded.tomcat.TomcatWebServer  : Tomcat initialized with port(s): 8765 (http)
2022-07-28 14:18:49.969  INFO 1968 --- [main] o.apache.catalina.core.StandardService   : Starting service [Tomcat]
2022-07-28 14:18:49.969  INFO 1968 --- [main] org.apache.catalina.core.StandardEngine  : Starting Servlet engine: [Apache Tomcat/9.0.54]
2022-07-28 14:18:50.096  INFO 1968 --- [main] o.a.c.c.C.[Tomcat].[localhost].[/]       : Initializing Spring embedded WebApplicationContext
2022-07-28 14:18:50.096  INFO 1968 --- [main] w.s.c.ServletWebServerApplicationContext : Root WebApplicationContext: initialization completed in 1458 ms
2022-07-28 14:18:52.168  INFO 1968 --- [main] pertySourcedRequestMappingHandlerMapping : Mapped URL path [/v2/api-docs] onto method [springfox.documentation.swagger2.web.Swagger2ControllerWebMvc#getDocumentation(String, HttpServletRequest)]
2022-07-28 14:18:53.239  INFO 1968 --- [main] o.s.b.w.embedded.tomcat.TomcatWebServer  : Tomcat started on port(s): 8765 (http) with context path ''
2022-07-28 14:18:53.701  INFO 1968 --- [main] d.s.w.p.DocumentationPluginsBootstrapper : Documentation plugins bootstrapped
2022-07-28 14:18:53.704  INFO 1968 --- [main] d.s.w.p.DocumentationPluginsBootstrapper : Found 1 custom documentation plugin(s)
2022-07-28 14:18:53.732  INFO 1968 --- [main] s.d.s.w.s.ApiListingReferenceScanner     : Scanning for api listing references
2022-07-28 14:18:53.866  INFO 1968 --- [main] .d.s.w.r.o.CachingOperationNameGenerator : Generating unique operation named: pageUsingGET_1
2022-07-28 14:18:53.869  INFO 1968 --- [main] .d.s.w.r.o.CachingOperationNameGenerator : Generating unique operation named: deleteUsingDELETE_1
2022-07-28 14:18:53.872  INFO 1968 --- [main] .d.s.w.r.o.CachingOperationNameGenerator : Generating unique operation named: saveOrUpdateUsingPOST_1
2022-07-28 14:18:53.890  INFO 1968 --- [main] com.person.chenpt.ProductApplication     : Started ProductApplication in 6.622 seconds (JVM running for 7.714)
2022-07-28 14:19:01.359  INFO 1968 --- [http-nio-8765-exec-1] o.a.c.c.C.[Tomcat].[localhost].[/]       : Initializing Spring DispatcherServlet 'dispatcherServlet'
2022-07-28 14:19:01.359  INFO 1968 --- [http-nio-8765-exec-1] o.s.web.servlet.DispatcherServlet        : Initializing Servlet 'dispatcherServlet'
2022-07-28 14:19:01.362  INFO 1968 --- [http-nio-8765-exec-1] o.s.web.servlet.DispatcherServlet        : Completed initialization in 2 ms
2022-07-28 14:19:14.849  INFO 1968 --- [http-nio-8765-exec-4] o.s.a.r.c.CachingConnectionFactory       : Attempting to connect to: [192.168.3.85:5672]
2022-07-28 14:19:14.921  INFO 1968 --- [http-nio-8765-exec-4] o.s.a.r.c.CachingConnectionFactory       : Created new connection: rabbitConnectionFactory#da34eb0:0/SimpleConnection@257fcd97 [delegate=amqp://admin@192.168.3.85:5672/, localPort= 61403]
2022-07-28 14:20:53.177  INFO 8968 --- [main] com.person.chenpt.ProductApplication     : Starting ProductApplication using Java 1.8.0_102 on LAPTOP-US9A32NC with PID 8968 (D:\IdeaProjects\exercise-clould\product\target\classes started by chenpt in D:\IdeaProjects\exercise-clould)
2022-07-28 14:20:53.179 DEBUG 8968 --- [main] com.person.chenpt.ProductApplication     : Running with Spring Boot v2.5.6, Spring v5.3.12
2022-07-28 14:20:53.179  INFO 8968 --- [main] com.person.chenpt.ProductApplication     : No active profile set, falling back to default profiles: default
2022-07-28 14:20:54.373  INFO 8968 --- [main] o.s.cloud.context.scope.GenericScope     : BeanFactory id=9fc9dd52-f6be-3ada-a93a-90ac937cd7c7
2022-07-28 14:20:54.702  INFO 8968 --- [main] o.s.b.w.embedded.tomcat.TomcatWebServer  : Tomcat initialized with port(s): 8765 (http)
2022-07-28 14:20:54.712  INFO 8968 --- [main] o.apache.catalina.core.StandardService   : Starting service [Tomcat]
2022-07-28 14:20:54.712  INFO 8968 --- [main] org.apache.catalina.core.StandardEngine  : Starting Servlet engine: [Apache Tomcat/9.0.54]
2022-07-28 14:20:54.833  INFO 8968 --- [main] o.a.c.c.C.[Tomcat].[localhost].[/]       : Initializing Spring embedded WebApplicationContext
2022-07-28 14:20:54.833  INFO 8968 --- [main] w.s.c.ServletWebServerApplicationContext : Root WebApplicationContext: initialization completed in 1446 ms
2022-07-28 14:20:56.883  INFO 8968 --- [main] pertySourcedRequestMappingHandlerMapping : Mapped URL path [/v2/api-docs] onto method [springfox.documentation.swagger2.web.Swagger2ControllerWebMvc#getDocumentation(String, HttpServletRequest)]
2022-07-28 14:20:57.942  INFO 8968 --- [main] o.s.b.w.embedded.tomcat.TomcatWebServer  : Tomcat started on port(s): 8765 (http) with context path ''
2022-07-28 14:20:58.386  INFO 8968 --- [main] d.s.w.p.DocumentationPluginsBootstrapper : Documentation plugins bootstrapped
2022-07-28 14:20:58.388  INFO 8968 --- [main] d.s.w.p.DocumentationPluginsBootstrapper : Found 1 custom documentation plugin(s)
2022-07-28 14:20:58.416  INFO 8968 --- [main] s.d.s.w.s.ApiListingReferenceScanner     : Scanning for api listing references
2022-07-28 14:20:58.548  INFO 8968 --- [main] .d.s.w.r.o.CachingOperationNameGenerator : Generating unique operation named: pageUsingGET_1
2022-07-28 14:20:58.549  INFO 8968 --- [main] .d.s.w.r.o.CachingOperationNameGenerator : Generating unique operation named: deleteUsingDELETE_1
2022-07-28 14:20:58.553  INFO 8968 --- [main] .d.s.w.r.o.CachingOperationNameGenerator : Generating unique operation named: saveOrUpdateUsingPOST_1
2022-07-28 14:20:58.571  INFO 8968 --- [main] com.person.chenpt.ProductApplication     : Started ProductApplication in 6.486 seconds (JVM running for 7.589)
2022-07-28 14:21:05.704  INFO 8968 --- [http-nio-8765-exec-1] o.a.c.c.C.[Tomcat].[localhost].[/]       : Initializing Spring DispatcherServlet 'dispatcherServlet'
2022-07-28 14:21:05.705  INFO 8968 --- [http-nio-8765-exec-1] o.s.web.servlet.DispatcherServlet        : Initializing Servlet 'dispatcherServlet'
2022-07-28 14:21:05.708  INFO 8968 --- [http-nio-8765-exec-1] o.s.web.servlet.DispatcherServlet        : Completed initialization in 3 ms
2022-07-28 14:21:05.733  INFO 8968 --- [http-nio-8765-exec-1] o.s.a.r.c.CachingConnectionFactory       : Attempting to connect to: [192.168.3.85:5672]
2022-07-28 14:21:05.768  INFO 8968 --- [http-nio-8765-exec-1] o.s.a.r.c.CachingConnectionFactory       : Created new connection: rabbitConnectionFactory#7eae55:0/SimpleConnection@120e4c2c [delegate=amqp://admin@192.168.3.85:5672/, localPort= 61550]
2022-07-28 14:49:00.369  INFO 12972 --- [main] com.person.chenpt.ProductApplication     : Starting ProductApplication using Java 1.8.0_102 on LAPTOP-US9A32NC with PID 12972 (D:\IdeaProjects\exercise-clould\product\target\classes started by chenpt in D:\IdeaProjects\exercise-clould)
2022-07-28 14:49:00.371 DEBUG 12972 --- [main] com.person.chenpt.ProductApplication     : Running with Spring Boot v2.5.6, Spring v5.3.12
2022-07-28 14:49:00.371  INFO 12972 --- [main] com.person.chenpt.ProductApplication     : No active profile set, falling back to default profiles: default
2022-07-28 14:49:01.570  INFO 12972 --- [main] o.s.cloud.context.scope.GenericScope     : BeanFactory id=d9dab66a-046f-323c-a1a4-277b535ef416
2022-07-28 14:49:01.898  INFO 12972 --- [main] o.s.b.w.embedded.tomcat.TomcatWebServer  : Tomcat initialized with port(s): 8765 (http)
2022-07-28 14:49:01.907  INFO 12972 --- [main] o.apache.catalina.core.StandardService   : Starting service [Tomcat]
2022-07-28 14:49:01.908  INFO 12972 --- [main] org.apache.catalina.core.StandardEngine  : Starting Servlet engine: [Apache Tomcat/9.0.54]
2022-07-28 14:49:02.028  INFO 12972 --- [main] o.a.c.c.C.[Tomcat].[localhost].[/]       : Initializing Spring embedded WebApplicationContext
2022-07-28 14:49:02.029  INFO 12972 --- [main] w.s.c.ServletWebServerApplicationContext : Root WebApplicationContext: initialization completed in 1449 ms
2022-07-28 14:49:04.076  INFO 12972 --- [main] pertySourcedRequestMappingHandlerMapping : Mapped URL path [/v2/api-docs] onto method [springfox.documentation.swagger2.web.Swagger2ControllerWebMvc#getDocumentation(String, HttpServletRequest)]
2022-07-28 14:49:05.180  INFO 12972 --- [main] o.s.b.w.embedded.tomcat.TomcatWebServer  : Tomcat started on port(s): 8765 (http) with context path ''
2022-07-28 14:49:05.665  INFO 12972 --- [main] d.s.w.p.DocumentationPluginsBootstrapper : Documentation plugins bootstrapped
2022-07-28 14:49:05.668  INFO 12972 --- [main] d.s.w.p.DocumentationPluginsBootstrapper : Found 1 custom documentation plugin(s)
2022-07-28 14:49:05.700  INFO 12972 --- [main] s.d.s.w.s.ApiListingReferenceScanner     : Scanning for api listing references
2022-07-28 14:49:05.833  INFO 12972 --- [main] .d.s.w.r.o.CachingOperationNameGenerator : Generating unique operation named: pageUsingGET_1
2022-07-28 14:49:05.835  INFO 12972 --- [main] .d.s.w.r.o.CachingOperationNameGenerator : Generating unique operation named: deleteUsingDELETE_1
2022-07-28 14:49:05.839  INFO 12972 --- [main] .d.s.w.r.o.CachingOperationNameGenerator : Generating unique operation named: saveOrUpdateUsingPOST_1
2022-07-28 14:49:05.857  INFO 12972 --- [main] com.person.chenpt.ProductApplication     : Started ProductApplication in 6.576 seconds (JVM running for 7.698)
2022-07-28 14:49:35.297  INFO 12972 --- [http-nio-8765-exec-1] o.a.c.c.C.[Tomcat].[localhost].[/]       : Initializing Spring DispatcherServlet 'dispatcherServlet'
2022-07-28 14:49:35.297  INFO 12972 --- [http-nio-8765-exec-1] o.s.web.servlet.DispatcherServlet        : Initializing Servlet 'dispatcherServlet'
2022-07-28 14:49:35.299  INFO 12972 --- [http-nio-8765-exec-1] o.s.web.servlet.DispatcherServlet        : Completed initialization in 1 ms
2022-07-28 14:49:35.325  INFO 12972 --- [http-nio-8765-exec-1] o.s.a.r.c.CachingConnectionFactory       : Attempting to connect to: [192.168.3.85:5672]
2022-07-28 14:49:35.361  INFO 12972 --- [http-nio-8765-exec-1] o.s.a.r.c.CachingConnectionFactory       : Created new connection: rabbitConnectionFactory#2499b971:0/SimpleConnection@4bc047fe [delegate=amqp://admin@192.168.3.85:5672/, localPort= 63756]
2022-07-28 15:08:31.891  INFO 16584 --- [main] com.person.chenpt.ProductApplication     : Starting ProductApplication using Java 1.8.0_102 on LAPTOP-US9A32NC with PID 16584 (D:\IdeaProjects\exercise-clould\product\target\classes started by chenpt in D:\IdeaProjects\exercise-clould)
2022-07-28 15:08:31.893 DEBUG 16584 --- [main] com.person.chenpt.ProductApplication     : Running with Spring Boot v2.5.6, Spring v5.3.12
2022-07-28 15:08:31.894  INFO 16584 --- [main] com.person.chenpt.ProductApplication     : No active profile set, falling back to default profiles: default
2022-07-28 15:08:33.170  INFO 16584 --- [main] o.s.cloud.context.scope.GenericScope     : BeanFactory id=de141024-2c45-343a-b908-82af168ac2ee
2022-07-28 15:08:33.536  INFO 16584 --- [main] o.s.b.w.embedded.tomcat.TomcatWebServer  : Tomcat initialized with port(s): 8765 (http)
2022-07-28 15:08:33.547  INFO 16584 --- [main] o.apache.catalina.core.StandardService   : Starting service [Tomcat]
2022-07-28 15:08:33.548  INFO 16584 --- [main] org.apache.catalina.core.StandardEngine  : Starting Servlet engine: [Apache Tomcat/9.0.54]
2022-07-28 15:08:33.678  INFO 16584 --- [main] o.a.c.c.C.[Tomcat].[localhost].[/]       : Initializing Spring embedded WebApplicationContext
2022-07-28 15:08:33.679  INFO 16584 --- [main] w.s.c.ServletWebServerApplicationContext : Root WebApplicationContext: initialization completed in 1570 ms
2022-07-28 15:08:35.769  INFO 16584 --- [main] pertySourcedRequestMappingHandlerMapping : Mapped URL path [/v2/api-docs] onto method [springfox.documentation.swagger2.web.Swagger2ControllerWebMvc#getDocumentation(String, HttpServletRequest)]
2022-07-28 15:08:36.905  INFO 16584 --- [main] o.s.b.w.embedded.tomcat.TomcatWebServer  : Tomcat started on port(s): 8765 (http) with context path ''
2022-07-28 15:08:37.401  INFO 16584 --- [main] d.s.w.p.DocumentationPluginsBootstrapper : Documentation plugins bootstrapped
2022-07-28 15:08:37.404  INFO 16584 --- [main] d.s.w.p.DocumentationPluginsBootstrapper : Found 1 custom documentation plugin(s)
2022-07-28 15:08:37.436  INFO 16584 --- [main] s.d.s.w.s.ApiListingReferenceScanner     : Scanning for api listing references
2022-07-28 15:08:37.576  INFO 16584 --- [main] .d.s.w.r.o.CachingOperationNameGenerator : Generating unique operation named: pageUsingGET_1
2022-07-28 15:08:37.578  INFO 16584 --- [main] .d.s.w.r.o.CachingOperationNameGenerator : Generating unique operation named: deleteUsingDELETE_1
2022-07-28 15:08:37.582  INFO 16584 --- [main] .d.s.w.r.o.CachingOperationNameGenerator : Generating unique operation named: saveOrUpdateUsingPOST_1
2022-07-28 15:08:37.601  INFO 16584 --- [main] com.person.chenpt.ProductApplication     : Started ProductApplication in 6.85 seconds (JVM running for 7.975)
2022-07-28 15:09:14.924  INFO 8656 --- [main] com.person.chenpt.ProductApplication     : Starting ProductApplication using Java 1.8.0_102 on LAPTOP-US9A32NC with PID 8656 (D:\IdeaProjects\exercise-clould\product\target\classes started by chenpt in D:\IdeaProjects\exercise-clould)
2022-07-28 15:09:14.927 DEBUG 8656 --- [main] com.person.chenpt.ProductApplication     : Running with Spring Boot v2.5.6, Spring v5.3.12
2022-07-28 15:09:14.927  INFO 8656 --- [main] com.person.chenpt.ProductApplication     : No active profile set, falling back to default profiles: default
2022-07-28 15:09:16.253  INFO 8656 --- [main] o.s.cloud.context.scope.GenericScope     : BeanFactory id=de141024-2c45-343a-b908-82af168ac2ee
2022-07-28 15:09:16.609  INFO 8656 --- [main] o.s.b.w.embedded.tomcat.TomcatWebServer  : Tomcat initialized with port(s): 8765 (http)
2022-07-28 15:09:16.618  INFO 8656 --- [main] o.apache.catalina.core.StandardService   : Starting service [Tomcat]
2022-07-28 15:09:16.619  INFO 8656 --- [main] org.apache.catalina.core.StandardEngine  : Starting Servlet engine: [Apache Tomcat/9.0.54]
2022-07-28 15:09:16.751  INFO 8656 --- [main] o.a.c.c.C.[Tomcat].[localhost].[/]       : Initializing Spring embedded WebApplicationContext
2022-07-28 15:09:16.751  INFO 8656 --- [main] w.s.c.ServletWebServerApplicationContext : Root WebApplicationContext: initialization completed in 1597 ms
2022-07-28 15:09:18.974  INFO 8656 --- [main] pertySourcedRequestMappingHandlerMapping : Mapped URL path [/v2/api-docs] onto method [springfox.documentation.swagger2.web.Swagger2ControllerWebMvc#getDocumentation(String, HttpServletRequest)]
2022-07-28 15:09:20.136  INFO 8656 --- [main] o.s.b.w.embedded.tomcat.TomcatWebServer  : Tomcat started on port(s): 8765 (http) with context path ''
2022-07-28 15:09:20.619  INFO 8656 --- [main] d.s.w.p.DocumentationPluginsBootstrapper : Documentation plugins bootstrapped
2022-07-28 15:09:20.622  INFO 8656 --- [main] d.s.w.p.DocumentationPluginsBootstrapper : Found 1 custom documentation plugin(s)
2022-07-28 15:09:20.651  INFO 8656 --- [main] s.d.s.w.s.ApiListingReferenceScanner     : Scanning for api listing references
2022-07-28 15:09:20.786  INFO 8656 --- [main] .d.s.w.r.o.CachingOperationNameGenerator : Generating unique operation named: pageUsingGET_1
2022-07-28 15:09:20.788  INFO 8656 --- [main] .d.s.w.r.o.CachingOperationNameGenerator : Generating unique operation named: deleteUsingDELETE_1
2022-07-28 15:09:20.792  INFO 8656 --- [main] .d.s.w.r.o.CachingOperationNameGenerator : Generating unique operation named: saveOrUpdateUsingPOST_1
2022-07-28 15:09:20.811  INFO 8656 --- [main] com.person.chenpt.ProductApplication     : Started ProductApplication in 7.131 seconds (JVM running for 8.374)
2022-07-28 15:09:48.260  INFO 8656 --- [http-nio-8765-exec-1] o.a.c.c.C.[Tomcat].[localhost].[/]       : Initializing Spring DispatcherServlet 'dispatcherServlet'
2022-07-28 15:09:48.260  INFO 8656 --- [http-nio-8765-exec-1] o.s.web.servlet.DispatcherServlet        : Initializing Servlet 'dispatcherServlet'
2022-07-28 15:09:48.261  INFO 8656 --- [http-nio-8765-exec-1] o.s.web.servlet.DispatcherServlet        : Completed initialization in 1 ms
2022-07-28 15:09:55.606  INFO 8656 --- [http-nio-8765-exec-3] o.s.a.r.c.CachingConnectionFactory       : Attempting to connect to: [192.168.3.85:5672]
2022-07-28 15:09:55.650  INFO 8656 --- [http-nio-8765-exec-3] o.s.a.r.c.CachingConnectionFactory       : Created new connection: rabbitConnectionFactory#40fe8fd5:0/SimpleConnection@664d584e [delegate=amqp://admin@192.168.3.85:5672/, localPort= 65162]
2022-07-28 15:13:50.711  INFO 3976 --- [main] com.person.chenpt.ProductApplication     : Starting ProductApplication using Java 1.8.0_102 on LAPTOP-US9A32NC with PID 3976 (D:\IdeaProjects\exercise-clould\product\target\classes started by chenpt in D:\IdeaProjects\exercise-clould)
2022-07-28 15:13:50.714 DEBUG 3976 --- [main] com.person.chenpt.ProductApplication     : Running with Spring Boot v2.5.6, Spring v5.3.12
2022-07-28 15:13:50.714  INFO 3976 --- [main] com.person.chenpt.ProductApplication     : No active profile set, falling back to default profiles: default
2022-07-28 15:13:52.019  INFO 3976 --- [main] o.s.cloud.context.scope.GenericScope     : BeanFactory id=de141024-2c45-343a-b908-82af168ac2ee
2022-07-28 15:13:52.436  INFO 3976 --- [main] o.s.b.w.embedded.tomcat.TomcatWebServer  : Tomcat initialized with port(s): 8765 (http)
2022-07-28 15:13:52.446  INFO 3976 --- [main] o.apache.catalina.core.StandardService   : Starting service [Tomcat]
2022-07-28 15:13:52.446  INFO 3976 --- [main] org.apache.catalina.core.StandardEngine  : Starting Servlet engine: [Apache Tomcat/9.0.54]
2022-07-28 15:13:52.575  INFO 3976 --- [main] o.a.c.c.C.[Tomcat].[localhost].[/]       : Initializing Spring embedded WebApplicationContext
2022-07-28 15:13:52.575  INFO 3976 --- [main] w.s.c.ServletWebServerApplicationContext : Root WebApplicationContext: initialization completed in 1647 ms
2022-07-28 15:13:54.764  INFO 3976 --- [main] pertySourcedRequestMappingHandlerMapping : Mapped URL path [/v2/api-docs] onto method [springfox.documentation.swagger2.web.Swagger2ControllerWebMvc#getDocumentation(String, HttpServletRequest)]
2022-07-28 15:13:55.921  INFO 3976 --- [main] o.s.b.w.embedded.tomcat.TomcatWebServer  : Tomcat started on port(s): 8765 (http) with context path ''
2022-07-28 15:13:56.394  INFO 3976 --- [main] d.s.w.p.DocumentationPluginsBootstrapper : Documentation plugins bootstrapped
2022-07-28 15:13:56.397  INFO 3976 --- [main] d.s.w.p.DocumentationPluginsBootstrapper : Found 1 custom documentation plugin(s)
2022-07-28 15:13:56.428  INFO 3976 --- [main] s.d.s.w.s.ApiListingReferenceScanner     : Scanning for api listing references
2022-07-28 15:13:56.576  INFO 3976 --- [main] .d.s.w.r.o.CachingOperationNameGenerator : Generating unique operation named: pageUsingGET_1
2022-07-28 15:13:56.578  INFO 3976 --- [main] .d.s.w.r.o.CachingOperationNameGenerator : Generating unique operation named: deleteUsingDELETE_1
2022-07-28 15:13:56.582  INFO 3976 --- [main] .d.s.w.r.o.CachingOperationNameGenerator : Generating unique operation named: saveOrUpdateUsingPOST_1
2022-07-28 15:13:56.607  INFO 3976 --- [main] com.person.chenpt.ProductApplication     : Started ProductApplication in 7.086 seconds (JVM running for 8.255)
2022-07-28 15:14:31.532  INFO 3976 --- [http-nio-8765-exec-1] o.a.c.c.C.[Tomcat].[localhost].[/]       : Initializing Spring DispatcherServlet 'dispatcherServlet'
2022-07-28 15:14:31.532  INFO 3976 --- [http-nio-8765-exec-1] o.s.web.servlet.DispatcherServlet        : Initializing Servlet 'dispatcherServlet'
2022-07-28 15:14:31.533  INFO 3976 --- [http-nio-8765-exec-1] o.s.web.servlet.DispatcherServlet        : Completed initialization in 1 ms
2022-07-28 15:14:31.560  INFO 3976 --- [http-nio-8765-exec-1] o.s.a.r.c.CachingConnectionFactory       : Attempting to connect to: [192.168.3.85:5672]
2022-07-28 15:14:31.595  INFO 3976 --- [http-nio-8765-exec-1] o.s.a.r.c.CachingConnectionFactory       : Created new connection: rabbitConnectionFactory#542c65d9:0/SimpleConnection@679d9615 [delegate=amqp://admin@192.168.3.85:5672/, localPort= 65504]
2022-07-28 15:16:43.968  INFO 16096 --- [main] com.person.chenpt.ProductApplication     : Starting ProductApplication using Java 1.8.0_102 on LAPTOP-US9A32NC with PID 16096 (D:\IdeaProjects\exercise-clould\product\target\classes started by chenpt in D:\IdeaProjects\exercise-clould)
2022-07-28 15:16:43.971 DEBUG 16096 --- [main] com.person.chenpt.ProductApplication     : Running with Spring Boot v2.5.6, Spring v5.3.12
2022-07-28 15:16:43.971  INFO 16096 --- [main] com.person.chenpt.ProductApplication     : No active profile set, falling back to default profiles: default
2022-07-28 15:16:45.256  INFO 16096 --- [main] o.s.cloud.context.scope.GenericScope     : BeanFactory id=de141024-2c45-343a-b908-82af168ac2ee
2022-07-28 15:16:45.630  INFO 16096 --- [main] o.s.b.w.embedded.tomcat.TomcatWebServer  : Tomcat initialized with port(s): 8765 (http)
2022-07-28 15:16:45.641  INFO 16096 --- [main] o.apache.catalina.core.StandardService   : Starting service [Tomcat]
2022-07-28 15:16:45.641  INFO 16096 --- [main] org.apache.catalina.core.StandardEngine  : Starting Servlet engine: [Apache Tomcat/9.0.54]
2022-07-28 15:16:45.790  INFO 16096 --- [main] o.a.c.c.C.[Tomcat].[localhost].[/]       : Initializing Spring embedded WebApplicationContext
2022-07-28 15:16:45.790  INFO 16096 --- [main] w.s.c.ServletWebServerApplicationContext : Root WebApplicationContext: initialization completed in 1601 ms
2022-07-28 15:16:48.040  INFO 16096 --- [main] pertySourcedRequestMappingHandlerMapping : Mapped URL path [/v2/api-docs] onto method [springfox.documentation.swagger2.web.Swagger2ControllerWebMvc#getDocumentation(String, HttpServletRequest)]
2022-07-28 15:16:49.259  INFO 16096 --- [main] o.s.b.w.embedded.tomcat.TomcatWebServer  : Tomcat started on port(s): 8765 (http) with context path ''
2022-07-28 15:16:49.743  INFO 16096 --- [main] d.s.w.p.DocumentationPluginsBootstrapper : Documentation plugins bootstrapped
2022-07-28 15:16:49.746  INFO 16096 --- [main] d.s.w.p.DocumentationPluginsBootstrapper : Found 1 custom documentation plugin(s)
2022-07-28 15:16:49.777  INFO 16096 --- [main] s.d.s.w.s.ApiListingReferenceScanner     : Scanning for api listing references
2022-07-28 15:16:49.921  INFO 16096 --- [main] .d.s.w.r.o.CachingOperationNameGenerator : Generating unique operation named: pageUsingGET_1
2022-07-28 15:16:49.923  INFO 16096 --- [main] .d.s.w.r.o.CachingOperationNameGenerator : Generating unique operation named: deleteUsingDELETE_1
2022-07-28 15:16:49.928  INFO 16096 --- [main] .d.s.w.r.o.CachingOperationNameGenerator : Generating unique operation named: saveOrUpdateUsingPOST_1
2022-07-28 15:16:49.948  INFO 16096 --- [main] com.person.chenpt.ProductApplication     : Started ProductApplication in 7.088 seconds (JVM running for 8.201)
2022-07-28 15:17:05.066  INFO 16096 --- [http-nio-8765-exec-1] o.a.c.c.C.[Tomcat].[localhost].[/]       : Initializing Spring DispatcherServlet 'dispatcherServlet'
2022-07-28 15:17:05.068  INFO 16096 --- [http-nio-8765-exec-1] o.s.web.servlet.DispatcherServlet        : Initializing Servlet 'dispatcherServlet'
2022-07-28 15:17:05.068  INFO 16096 --- [http-nio-8765-exec-1] o.s.web.servlet.DispatcherServlet        : Completed initialization in 0 ms
2022-07-28 15:17:05.096  INFO 16096 --- [http-nio-8765-exec-1] o.s.a.r.c.CachingConnectionFactory       : Attempting to connect to: [192.168.3.85:5672]
2022-07-28 15:17:05.134  INFO 16096 --- [http-nio-8765-exec-1] o.s.a.r.c.CachingConnectionFactory       : Created new connection: rabbitConnectionFactory#e3ed455:0/SimpleConnection@3fc3bd50 [delegate=amqp://admin@192.168.3.85:5672/, localPort= 49311]
2022-07-28 15:47:18.025  INFO 15496 --- [main] com.person.chenpt.ProductApplication     : Starting ProductApplication using Java 1.8.0_102 on LAPTOP-US9A32NC with PID 15496 (D:\IdeaProjects\exercise-clould\product\target\classes started by chenpt in D:\IdeaProjects\exercise-clould)
2022-07-28 15:47:18.027 DEBUG 15496 --- [main] com.person.chenpt.ProductApplication     : Running with Spring Boot v2.5.6, Spring v5.3.12
2022-07-28 15:47:18.027  INFO 15496 --- [main] com.person.chenpt.ProductApplication     : No active profile set, falling back to default profiles: default
2022-07-28 15:47:19.198  INFO 15496 --- [main] o.s.cloud.context.scope.GenericScope     : BeanFactory id=e1bca23f-cbc3-3126-83a1-6fc94bd6e09a
2022-07-28 15:47:19.526  INFO 15496 --- [main] o.s.b.w.embedded.tomcat.TomcatWebServer  : Tomcat initialized with port(s): 8765 (http)
2022-07-28 15:47:19.535  INFO 15496 --- [main] o.apache.catalina.core.StandardService   : Starting service [Tomcat]
2022-07-28 15:47:19.535  INFO 15496 --- [main] org.apache.catalina.core.StandardEngine  : Starting Servlet engine: [Apache Tomcat/9.0.54]
2022-07-28 15:47:19.667  INFO 15496 --- [main] o.a.c.c.C.[Tomcat].[localhost].[/]       : Initializing Spring embedded WebApplicationContext
2022-07-28 15:47:19.667  INFO 15496 --- [main] w.s.c.ServletWebServerApplicationContext : Root WebApplicationContext: initialization completed in 1424 ms
2022-07-28 15:47:21.788  INFO 15496 --- [main] pertySourcedRequestMappingHandlerMapping : Mapped URL path [/v2/api-docs] onto method [springfox.documentation.swagger2.web.Swagger2ControllerWebMvc#getDocumentation(String, HttpServletRequest)]
2022-07-28 15:47:22.912  INFO 15496 --- [main] o.s.b.w.embedded.tomcat.TomcatWebServer  : Tomcat started on port(s): 8765 (http) with context path ''
2022-07-28 15:47:23.376  INFO 15496 --- [main] d.s.w.p.DocumentationPluginsBootstrapper : Documentation plugins bootstrapped
2022-07-28 15:47:23.379  INFO 15496 --- [main] d.s.w.p.DocumentationPluginsBootstrapper : Found 1 custom documentation plugin(s)
2022-07-28 15:47:23.408  INFO 15496 --- [main] s.d.s.w.s.ApiListingReferenceScanner     : Scanning for api listing references
2022-07-28 15:47:23.537  INFO 15496 --- [main] .d.s.w.r.o.CachingOperationNameGenerator : Generating unique operation named: pageUsingGET_1
2022-07-28 15:47:23.538  INFO 15496 --- [main] .d.s.w.r.o.CachingOperationNameGenerator : Generating unique operation named: deleteUsingDELETE_1
2022-07-28 15:47:23.542  INFO 15496 --- [main] .d.s.w.r.o.CachingOperationNameGenerator : Generating unique operation named: saveOrUpdateUsingPOST_1
2022-07-28 15:47:23.563  INFO 15496 --- [main] com.person.chenpt.ProductApplication     : Started ProductApplication in 6.72 seconds (JVM running for 7.855)
2022-07-28 15:47:36.482  INFO 15496 --- [http-nio-8765-exec-1] o.a.c.c.C.[Tomcat].[localhost].[/]       : Initializing Spring DispatcherServlet 'dispatcherServlet'
2022-07-28 15:47:36.482  INFO 15496 --- [http-nio-8765-exec-1] o.s.web.servlet.DispatcherServlet        : Initializing Servlet 'dispatcherServlet'
2022-07-28 15:47:36.485  INFO 15496 --- [http-nio-8765-exec-1] o.s.web.servlet.DispatcherServlet        : Completed initialization in 3 ms
2022-07-28 15:47:43.071  INFO 15496 --- [http-nio-8765-exec-5] o.s.a.r.c.CachingConnectionFactory       : Attempting to connect to: [192.168.3.85:5672]
2022-07-28 15:47:43.116  INFO 15496 --- [http-nio-8765-exec-5] o.s.a.r.c.CachingConnectionFactory       : Created new connection: rabbitConnectionFactory#70f4abc1:0/SimpleConnection@278cc884 [delegate=amqp://admin@192.168.3.85:5672/, localPort= 51474]
